CRITICAL - 2020-10-22 06:35:44 --> syntax error, unexpected '?>'
#0 E:\projetos\web\govoni\system\Common.php(1119): CodeIgniter\View\View->render('welcome_message', Array, true)
#1 E:\projetos\web\govoni\app\Controllers\Home.php(7): view('welcome_message')
#2 E:\projetos\web\govoni\system\CodeIgniter.php(918): App\Controllers\Home->index()
#3 E:\projetos\web\govoni\system\CodeIgniter.php(404): CodeIgniter\CodeIgniter->runController(Object(App\Controllers\Home))
#4 E:\projetos\web\govoni\system\CodeIgniter.php(312): CodeIgniter\CodeIgniter->handleRequest(NULL, Object(Config\Cache), false)
#5 E:\projetos\web\govoni\index.php(45): CodeIgniter\CodeIgniter->run()
#6 {main}
CRITICAL - 2020-10-22 08:43:06 --> Class 'App\Controllers\admin\BaseController' not found
#0 E:\projetos\web\base\system\Router\Router.php(583): include_once()
#1 E:\projetos\web\base\system\Router\Router.php(195): CodeIgniter\Router\Router->autoRoute('admin/principal')
#2 E:\projetos\web\base\system\CodeIgniter.php(793): CodeIgniter\Router\Router->handle('admin/principal')
#3 E:\projetos\web\base\system\CodeIgniter.php(364): CodeIgniter\CodeIgniter->tryToRouteIt(Object(CodeIgniter\Router\RouteCollection))
#4 E:\projetos\web\base\system\CodeIgniter.php(312): CodeIgniter\CodeIgniter->handleRequest(NULL, Object(Config\Cache), false)
#5 E:\projetos\web\base\index.php(45): CodeIgniter\CodeIgniter->run()
#6 {main}
CRITICAL - 2020-10-22 08:43:18 --> Class 'App\Controllers\admin\BaseController' not found
#0 E:\projetos\web\base\system\Router\Router.php(583): include_once()
#1 E:\projetos\web\base\system\Router\Router.php(195): CodeIgniter\Router\Router->autoRoute('admin/principal')
#2 E:\projetos\web\base\system\CodeIgniter.php(793): CodeIgniter\Router\Router->handle('admin/principal')
#3 E:\projetos\web\base\system\CodeIgniter.php(364): CodeIgniter\CodeIgniter->tryToRouteIt(Object(CodeIgniter\Router\RouteCollection))
#4 E:\projetos\web\base\system\CodeIgniter.php(312): CodeIgniter\CodeIgniter->handleRequest(NULL, Object(Config\Cache), false)
#5 E:\projetos\web\base\index.php(45): CodeIgniter\CodeIgniter->run()
#6 {main}
CRITICAL - 2020-10-22 08:43:20 --> Class 'App\Controllers\admin\BaseController' not found
#0 E:\projetos\web\base\system\Router\Router.php(583): include_once()
#1 E:\projetos\web\base\system\Router\Router.php(195): CodeIgniter\Router\Router->autoRoute('admin/principal')
#2 E:\projetos\web\base\system\CodeIgniter.php(793): CodeIgniter\Router\Router->handle('admin/principal')
#3 E:\projetos\web\base\system\CodeIgniter.php(364): CodeIgniter\CodeIgniter->tryToRouteIt(Object(CodeIgniter\Router\RouteCollection))
#4 E:\projetos\web\base\system\CodeIgniter.php(312): CodeIgniter\CodeIgniter->handleRequest(NULL, Object(Config\Cache), false)
#5 E:\projetos\web\base\index.php(45): CodeIgniter\CodeIgniter->run()
#6 {main}
CRITICAL - 2020-10-22 08:43:20 --> Class 'App\Controllers\admin\BaseController' not found
#0 E:\projetos\web\base\system\Router\Router.php(583): include_once()
#1 E:\projetos\web\base\system\Router\Router.php(195): CodeIgniter\Router\Router->autoRoute('admin/principal')
#2 E:\projetos\web\base\system\CodeIgniter.php(793): CodeIgniter\Router\Router->handle('admin/principal')
#3 E:\projetos\web\base\system\CodeIgniter.php(364): CodeIgniter\CodeIgniter->tryToRouteIt(Object(CodeIgniter\Router\RouteCollection))
#4 E:\projetos\web\base\system\CodeIgniter.php(312): CodeIgniter\CodeIgniter->handleRequest(NULL, Object(Config\Cache), false)
#5 E:\projetos\web\base\index.php(45): CodeIgniter\CodeIgniter->run()
#6 {main}
CRITICAL - 2020-10-22 08:43:26 --> Class 'App\Controllers\admin\BaseController' not found
#0 E:\projetos\web\base\system\Router\Router.php(583): include_once()
#1 E:\projetos\web\base\system\Router\Router.php(195): CodeIgniter\Router\Router->autoRoute('admin/principal...')
#2 E:\projetos\web\base\system\CodeIgniter.php(793): CodeIgniter\Router\Router->handle('admin/principal...')
#3 E:\projetos\web\base\system\CodeIgniter.php(364): CodeIgniter\CodeIgniter->tryToRouteIt(Object(CodeIgniter\Router\RouteCollection))
#4 E:\projetos\web\base\system\CodeIgniter.php(312): CodeIgniter\CodeIgniter->handleRequest(NULL, Object(Config\Cache), false)
#5 E:\projetos\web\base\index.php(45): CodeIgniter\CodeIgniter->run()
#6 {main}
CRITICAL - 2020-10-22 08:43:46 --> Class 'App\Controllers\admin\BaseController' not found
#0 E:\projetos\web\base\system\Router\Router.php(583): include_once()
#1 E:\projetos\web\base\system\Router\Router.php(195): CodeIgniter\Router\Router->autoRoute('admin/principal...')
#2 E:\projetos\web\base\system\CodeIgniter.php(793): CodeIgniter\Router\Router->handle('admin/principal...')
#3 E:\projetos\web\base\system\CodeIgniter.php(364): CodeIgniter\CodeIgniter->tryToRouteIt(Object(CodeIgniter\Router\RouteCollection))
#4 E:\projetos\web\base\system\CodeIgniter.php(312): CodeIgniter\CodeIgniter->handleRequest(NULL, Object(Config\Cache), false)
#5 E:\projetos\web\base\index.php(45): CodeIgniter\CodeIgniter->run()
#6 {main}
CRITICAL - 2020-10-22 08:43:47 --> Class 'App\Controllers\admin\BaseController' not found
#0 E:\projetos\web\base\system\Router\Router.php(583): include_once()
#1 E:\projetos\web\base\system\Router\Router.php(195): CodeIgniter\Router\Router->autoRoute('admin/principal...')
#2 E:\projetos\web\base\system\CodeIgniter.php(793): CodeIgniter\Router\Router->handle('admin/principal...')
#3 E:\projetos\web\base\system\CodeIgniter.php(364): CodeIgniter\CodeIgniter->tryToRouteIt(Object(CodeIgniter\Router\RouteCollection))
#4 E:\projetos\web\base\system\CodeIgniter.php(312): CodeIgniter\CodeIgniter->handleRequest(NULL, Object(Config\Cache), false)
#5 E:\projetos\web\base\index.php(45): CodeIgniter\CodeIgniter->run()
#6 {main}
CRITICAL - 2020-10-22 08:43:48 --> Class 'App\Controllers\admin\BaseController' not found
#0 E:\projetos\web\base\system\Router\Router.php(583): include_once()
#1 E:\projetos\web\base\system\Router\Router.php(195): CodeIgniter\Router\Router->autoRoute('admin/principal...')
#2 E:\projetos\web\base\system\CodeIgniter.php(793): CodeIgniter\Router\Router->handle('admin/principal...')
#3 E:\projetos\web\base\system\CodeIgniter.php(364): CodeIgniter\CodeIgniter->tryToRouteIt(Object(CodeIgniter\Router\RouteCollection))
#4 E:\projetos\web\base\system\CodeIgniter.php(312): CodeIgniter\CodeIgniter->handleRequest(NULL, Object(Config\Cache), false)
#5 E:\projetos\web\base\index.php(45): CodeIgniter\CodeIgniter->run()
#6 {main}
CRITICAL - 2020-10-22 08:43:54 --> Class 'App\Controllers\admin\BaseController' not found
#0 E:\projetos\web\base\system\Router\Router.php(583): include_once()
#1 E:\projetos\web\base\system\Router\Router.php(195): CodeIgniter\Router\Router->autoRoute('admin/Principal...')
#2 E:\projetos\web\base\system\CodeIgniter.php(793): CodeIgniter\Router\Router->handle('admin/Principal...')
#3 E:\projetos\web\base\system\CodeIgniter.php(364): CodeIgniter\CodeIgniter->tryToRouteIt(Object(CodeIgniter\Router\RouteCollection))
#4 E:\projetos\web\base\system\CodeIgniter.php(312): CodeIgniter\CodeIgniter->handleRequest(NULL, Object(Config\Cache), false)
#5 E:\projetos\web\base\index.php(45): CodeIgniter\CodeIgniter->run()
#6 {main}
CRITICAL - 2020-10-22 08:43:59 --> Class 'App\Controllers\admin\BaseController' not found
#0 E:\projetos\web\base\system\Router\Router.php(583): include_once()
#1 E:\projetos\web\base\system\Router\Router.php(195): CodeIgniter\Router\Router->autoRoute('admin/principal...')
#2 E:\projetos\web\base\system\CodeIgniter.php(793): CodeIgniter\Router\Router->handle('admin/principal...')
#3 E:\projetos\web\base\system\CodeIgniter.php(364): CodeIgniter\CodeIgniter->tryToRouteIt(Object(CodeIgniter\Router\RouteCollection))
#4 E:\projetos\web\base\system\CodeIgniter.php(312): CodeIgniter\CodeIgniter->handleRequest(NULL, Object(Config\Cache), false)
#5 E:\projetos\web\base\index.php(45): CodeIgniter\CodeIgniter->run()
#6 {main}
CRITICAL - 2020-10-22 08:46:24 --> Class 'App\Controllers\admin\BaseController' not found
#0 E:\projetos\web\base\system\Router\Router.php(583): include_once()
#1 E:\projetos\web\base\system\Router\Router.php(195): CodeIgniter\Router\Router->autoRoute('admin/principal...')
#2 E:\projetos\web\base\system\CodeIgniter.php(793): CodeIgniter\Router\Router->handle('admin/principal...')
#3 E:\projetos\web\base\system\CodeIgniter.php(364): CodeIgniter\CodeIgniter->tryToRouteIt(Object(CodeIgniter\Router\RouteCollection))
#4 E:\projetos\web\base\system\CodeIgniter.php(312): CodeIgniter\CodeIgniter->handleRequest(NULL, Object(Config\Cache), false)
#5 E:\projetos\web\base\index.php(45): CodeIgniter\CodeIgniter->run()
#6 {main}
CRITICAL - 2020-10-22 08:46:25 --> Class 'App\Controllers\admin\BaseController' not found
#0 E:\projetos\web\base\system\Router\Router.php(583): include_once()
#1 E:\projetos\web\base\system\Router\Router.php(195): CodeIgniter\Router\Router->autoRoute('admin/principal...')
#2 E:\projetos\web\base\system\CodeIgniter.php(793): CodeIgniter\Router\Router->handle('admin/principal...')
#3 E:\projetos\web\base\system\CodeIgniter.php(364): CodeIgniter\CodeIgniter->tryToRouteIt(Object(CodeIgniter\Router\RouteCollection))
#4 E:\projetos\web\base\system\CodeIgniter.php(312): CodeIgniter\CodeIgniter->handleRequest(NULL, Object(Config\Cache), false)
#5 E:\projetos\web\base\index.php(45): CodeIgniter\CodeIgniter->run()
#6 {main}
CRITICAL - 2020-10-22 08:46:46 --> Class 'App\Controllers\Admin\BaseController' not found
#0 E:\projetos\web\base\system\Router\Router.php(583): include_once()
#1 E:\projetos\web\base\system\Router\Router.php(195): CodeIgniter\Router\Router->autoRoute('admin/principal...')
#2 E:\projetos\web\base\system\CodeIgniter.php(793): CodeIgniter\Router\Router->handle('admin/principal...')
#3 E:\projetos\web\base\system\CodeIgniter.php(364): CodeIgniter\CodeIgniter->tryToRouteIt(Object(CodeIgniter\Router\RouteCollection))
#4 E:\projetos\web\base\system\CodeIgniter.php(312): CodeIgniter\CodeIgniter->handleRequest(NULL, Object(Config\Cache), false)
#5 E:\projetos\web\base\index.php(45): CodeIgniter\CodeIgniter->run()
#6 {main}
CRITICAL - 2020-10-22 08:46:47 --> Class 'App\Controllers\Admin\BaseController' not found
#0 E:\projetos\web\base\system\Router\Router.php(583): include_once()
#1 E:\projetos\web\base\system\Router\Router.php(195): CodeIgniter\Router\Router->autoRoute('admin/principal...')
#2 E:\projetos\web\base\system\CodeIgniter.php(793): CodeIgniter\Router\Router->handle('admin/principal...')
#3 E:\projetos\web\base\system\CodeIgniter.php(364): CodeIgniter\CodeIgniter->tryToRouteIt(Object(CodeIgniter\Router\RouteCollection))
#4 E:\projetos\web\base\system\CodeIgniter.php(312): CodeIgniter\CodeIgniter->handleRequest(NULL, Object(Config\Cache), false)
#5 E:\projetos\web\base\index.php(45): CodeIgniter\CodeIgniter->run()
#6 {main}
CRITICAL - 2020-10-22 08:46:57 --> Class 'App\Controllers\Admin\BaseController' not found
#0 E:\projetos\web\base\system\Router\Router.php(583): include_once()
#1 E:\projetos\web\base\system\Router\Router.php(195): CodeIgniter\Router\Router->autoRoute('admin/principal...')
#2 E:\projetos\web\base\system\CodeIgniter.php(793): CodeIgniter\Router\Router->handle('admin/principal...')
#3 E:\projetos\web\base\system\CodeIgniter.php(364): CodeIgniter\CodeIgniter->tryToRouteIt(Object(CodeIgniter\Router\RouteCollection))
#4 E:\projetos\web\base\system\CodeIgniter.php(312): CodeIgniter\CodeIgniter->handleRequest(NULL, Object(Config\Cache), false)
#5 E:\projetos\web\base\index.php(45): CodeIgniter\CodeIgniter->run()
#6 {main}
CRITICAL - 2020-10-22 08:47:14 --> Class 'App\Controllers\Admin\BaseController' not found
#0 E:\projetos\web\base\system\Router\Router.php(583): include_once()
#1 E:\projetos\web\base\system\Router\Router.php(195): CodeIgniter\Router\Router->autoRoute('admin/principal...')
#2 E:\projetos\web\base\system\CodeIgniter.php(793): CodeIgniter\Router\Router->handle('admin/principal...')
#3 E:\projetos\web\base\system\CodeIgniter.php(364): CodeIgniter\CodeIgniter->tryToRouteIt(Object(CodeIgniter\Router\RouteCollection))
#4 E:\projetos\web\base\system\CodeIgniter.php(312): CodeIgniter\CodeIgniter->handleRequest(NULL, Object(Config\Cache), false)
#5 E:\projetos\web\base\index.php(45): CodeIgniter\CodeIgniter->run()
#6 {main}
CRITICAL - 2020-10-22 08:47:15 --> Class 'App\Controllers\Admin\BaseController' not found
#0 E:\projetos\web\base\system\Router\Router.php(583): include_once()
#1 E:\projetos\web\base\system\Router\Router.php(195): CodeIgniter\Router\Router->autoRoute('admin/principal...')
#2 E:\projetos\web\base\system\CodeIgniter.php(793): CodeIgniter\Router\Router->handle('admin/principal...')
#3 E:\projetos\web\base\system\CodeIgniter.php(364): CodeIgniter\CodeIgniter->tryToRouteIt(Object(CodeIgniter\Router\RouteCollection))
#4 E:\projetos\web\base\system\CodeIgniter.php(312): CodeIgniter\CodeIgniter->handleRequest(NULL, Object(Config\Cache), false)
#5 E:\projetos\web\base\index.php(45): CodeIgniter\CodeIgniter->run()
#6 {main}
CRITICAL - 2020-10-22 08:50:48 --> Class 'App\Controllers\Admin\BaseController' not found
#0 E:\projetos\web\base\system\Router\Router.php(583): include_once()
#1 E:\projetos\web\base\system\Router\Router.php(195): CodeIgniter\Router\Router->autoRoute('admin/principal...')
#2 E:\projetos\web\base\system\CodeIgniter.php(793): CodeIgniter\Router\Router->handle('admin/principal...')
#3 E:\projetos\web\base\system\CodeIgniter.php(364): CodeIgniter\CodeIgniter->tryToRouteIt(Object(CodeIgniter\Router\RouteCollection))
#4 E:\projetos\web\base\system\CodeIgniter.php(312): CodeIgniter\CodeIgniter->handleRequest(NULL, Object(Config\Cache), false)
#5 E:\projetos\web\base\index.php(45): CodeIgniter\CodeIgniter->run()
#6 {main}
CRITICAL - 2020-10-22 08:54:32 --> Class 'App\Controllers\Admin\BaseController' not found
#0 E:\projetos\web\base\system\Router\Router.php(583): include_once()
#1 E:\projetos\web\base\system\Router\Router.php(195): CodeIgniter\Router\Router->autoRoute('admin/principal...')
#2 E:\projetos\web\base\system\CodeIgniter.php(793): CodeIgniter\Router\Router->handle('admin/principal...')
#3 E:\projetos\web\base\system\CodeIgniter.php(364): CodeIgniter\CodeIgniter->tryToRouteIt(Object(CodeIgniter\Router\RouteCollection))
#4 E:\projetos\web\base\system\CodeIgniter.php(312): CodeIgniter\CodeIgniter->handleRequest(NULL, Object(Config\Cache), false)
#5 E:\projetos\web\base\index.php(45): CodeIgniter\CodeIgniter->run()
#6 {main}
CRITICAL - 2020-10-22 08:54:55 --> Class 'App\Controllers\Admin\BaseController' not found
#0 E:\projetos\web\base\system\Router\Router.php(583): include_once()
#1 E:\projetos\web\base\system\Router\Router.php(195): CodeIgniter\Router\Router->autoRoute('admin/principal...')
#2 E:\projetos\web\base\system\CodeIgniter.php(793): CodeIgniter\Router\Router->handle('admin/principal...')
#3 E:\projetos\web\base\system\CodeIgniter.php(364): CodeIgniter\CodeIgniter->tryToRouteIt(Object(CodeIgniter\Router\RouteCollection))
#4 E:\projetos\web\base\system\CodeIgniter.php(312): CodeIgniter\CodeIgniter->handleRequest(NULL, Object(Config\Cache), false)
#5 E:\projetos\web\base\index.php(45): CodeIgniter\CodeIgniter->run()
#6 {main}
CRITICAL - 2020-10-22 08:55:20 --> Class 'App\Controllers\Admin\BaseController' not found
#0 E:\projetos\web\base\system\Router\Router.php(583): include_once()
#1 E:\projetos\web\base\system\Router\Router.php(195): CodeIgniter\Router\Router->autoRoute('admin/principal...')
#2 E:\projetos\web\base\system\CodeIgniter.php(793): CodeIgniter\Router\Router->handle('admin/principal...')
#3 E:\projetos\web\base\system\CodeIgniter.php(364): CodeIgniter\CodeIgniter->tryToRouteIt(Object(CodeIgniter\Router\RouteCollection))
#4 E:\projetos\web\base\system\CodeIgniter.php(312): CodeIgniter\CodeIgniter->handleRequest(NULL, Object(Config\Cache), false)
#5 E:\projetos\web\base\index.php(45): CodeIgniter\CodeIgniter->run()
#6 {main}
CRITICAL - 2020-10-22 08:55:24 --> Class 'App\Controllers\Admin\BaseController' not found
#0 E:\projetos\web\base\system\Router\Router.php(583): include_once()
#1 E:\projetos\web\base\system\Router\Router.php(195): CodeIgniter\Router\Router->autoRoute('admin/principal...')
#2 E:\projetos\web\base\system\CodeIgniter.php(793): CodeIgniter\Router\Router->handle('admin/principal...')
#3 E:\projetos\web\base\system\CodeIgniter.php(364): CodeIgniter\CodeIgniter->tryToRouteIt(Object(CodeIgniter\Router\RouteCollection))
#4 E:\projetos\web\base\system\CodeIgniter.php(312): CodeIgniter\CodeIgniter->handleRequest(NULL, Object(Config\Cache), false)
#5 E:\projetos\web\base\index.php(45): CodeIgniter\CodeIgniter->run()
#6 {main}
CRITICAL - 2020-10-22 08:57:12 --> Class 'App\Controllers\Admin\BaseController' not found
#0 E:\projetos\web\base\system\Router\Router.php(583): include_once()
#1 E:\projetos\web\base\system\Router\Router.php(195): CodeIgniter\Router\Router->autoRoute('admin/principal...')
#2 E:\projetos\web\base\system\CodeIgniter.php(793): CodeIgniter\Router\Router->handle('admin/principal...')
#3 E:\projetos\web\base\system\CodeIgniter.php(364): CodeIgniter\CodeIgniter->tryToRouteIt(Object(CodeIgniter\Router\RouteCollection))
#4 E:\projetos\web\base\system\CodeIgniter.php(312): CodeIgniter\CodeIgniter->handleRequest(NULL, Object(Config\Cache), false)
#5 E:\projetos\web\base\index.php(45): CodeIgniter\CodeIgniter->run()
#6 {main}
CRITICAL - 2020-10-22 09:30:37 --> Invalid file: principal.php
#0 E:\projetos\web\base\system\View\View.php(228): CodeIgniter\Exceptions\FrameworkException::forInvalidFile('principal.php')
#1 E:\projetos\web\base\system\Common.php(1119): CodeIgniter\View\View->render('principal', Array, true)
#2 E:\projetos\web\base\app\Controllers\Principal.php(7): view('principal')
#3 E:\projetos\web\base\system\CodeIgniter.php(918): App\Controllers\Principal->index()
#4 E:\projetos\web\base\system\CodeIgniter.php(404): CodeIgniter\CodeIgniter->runController(Object(App\Controllers\Principal))
#5 E:\projetos\web\base\system\CodeIgniter.php(312): CodeIgniter\CodeIgniter->handleRequest(NULL, Object(Config\Cache), false)
#6 E:\projetos\web\base\index.php(45): CodeIgniter\CodeIgniter->run()
#7 {main}
CRITICAL - 2020-10-22 09:57:58 --> Invalid file: admin/login.php
#0 E:\projetos\web\base\system\View\View.php(228): CodeIgniter\Exceptions\FrameworkException::forInvalidFile('admin/login.php')
#1 E:\projetos\web\base\system\Common.php(1119): CodeIgniter\View\View->render('admin/login', Array, true)
#2 E:\projetos\web\base\app\Controllers\Admin\Login.php(9): view('admin/login')
#3 E:\projetos\web\base\system\CodeIgniter.php(918): App\Controllers\Admin\Login->index()
#4 E:\projetos\web\base\system\CodeIgniter.php(404): CodeIgniter\CodeIgniter->runController(Object(App\Controllers\Admin\Login))
#5 E:\projetos\web\base\system\CodeIgniter.php(312): CodeIgniter\CodeIgniter->handleRequest(NULL, Object(Config\Cache), false)
#6 E:\projetos\web\base\index.php(45): CodeIgniter\CodeIgniter->run()
#7 {main}
CRITICAL - 2020-10-22 10:35:02 --> syntax error, unexpected '}'
#0 E:\projetos\web\base\system\Autoloader\Autoloader.php(296): CodeIgniter\Autoloader\Autoloader->requireFile('E:\\projetos\\web...')
#1 E:\projetos\web\base\system\Autoloader\Autoloader.php(258): CodeIgniter\Autoloader\Autoloader->loadInNamespace('App\\Controllers...')
#2 [internal function]: CodeIgniter\Autoloader\Autoloader->loadClass('App\\Controllers...')
#3 [internal function]: spl_autoload_call('App\\Controllers...')
#4 E:\projetos\web\base\system\CodeIgniter.php(869): class_exists('\\App\\Controller...', true)
#5 E:\projetos\web\base\system\CodeIgniter.php(394): CodeIgniter\CodeIgniter->startController()
#6 E:\projetos\web\base\system\CodeIgniter.php(312): CodeIgniter\CodeIgniter->handleRequest(NULL, Object(Config\Cache), false)
#7 E:\projetos\web\base\index.php(45): CodeIgniter\CodeIgniter->run()
#8 {main}
CRITICAL - 2020-10-22 10:35:29 -->  route cannot be found while reverse-routing.
#0 E:\projetos\web\base\system\HTTP\RedirectResponse.php(92): CodeIgniter\HTTP\Exceptions\HTTPException::forInvalidRedirectRoute('')
#1 E:\projetos\web\base\system\Common.php(845): CodeIgniter\HTTP\RedirectResponse->route(false)
#2 E:\projetos\web\base\app\Controllers\Admin\Login.php(16): redirect('principal')
#3 E:\projetos\web\base\system\CodeIgniter.php(918): App\Controllers\Admin\Login->loga()
#4 E:\projetos\web\base\system\CodeIgniter.php(404): CodeIgniter\CodeIgniter->runController(Object(App\Controllers\Admin\Login))
#5 E:\projetos\web\base\system\CodeIgniter.php(312): CodeIgniter\CodeIgniter->handleRequest(NULL, Object(Config\Cache), false)
#6 E:\projetos\web\base\index.php(45): CodeIgniter\CodeIgniter->run()
#7 {main}
CRITICAL - 2020-10-22 10:35:39 -->  route cannot be found while reverse-routing.
#0 E:\projetos\web\base\system\HTTP\RedirectResponse.php(92): CodeIgniter\HTTP\Exceptions\HTTPException::forInvalidRedirectRoute('')
#1 E:\projetos\web\base\system\Common.php(845): CodeIgniter\HTTP\RedirectResponse->route(false)
#2 E:\projetos\web\base\app\Controllers\Admin\Login.php(16): redirect('principal', 'refresh')
#3 E:\projetos\web\base\system\CodeIgniter.php(918): App\Controllers\Admin\Login->loga()
#4 E:\projetos\web\base\system\CodeIgniter.php(404): CodeIgniter\CodeIgniter->runController(Object(App\Controllers\Admin\Login))
#5 E:\projetos\web\base\system\CodeIgniter.php(312): CodeIgniter\CodeIgniter->handleRequest(NULL, Object(Config\Cache), false)
#6 E:\projetos\web\base\index.php(45): CodeIgniter\CodeIgniter->run()
#7 {main}
CRITICAL - 2020-10-22 10:37:03 -->  route cannot be found while reverse-routing.
#0 E:\projetos\web\base\system\HTTP\RedirectResponse.php(92): CodeIgniter\HTTP\Exceptions\HTTPException::forInvalidRedirectRoute('')
#1 E:\projetos\web\base\system\Common.php(845): CodeIgniter\HTTP\RedirectResponse->route(false)
#2 E:\projetos\web\base\app\Controllers\Admin\Login.php(16): redirect('admin/principal', 'refresh')
#3 E:\projetos\web\base\system\CodeIgniter.php(918): App\Controllers\Admin\Login->loga()
#4 E:\projetos\web\base\system\CodeIgniter.php(404): CodeIgniter\CodeIgniter->runController(Object(App\Controllers\Admin\Login))
#5 E:\projetos\web\base\system\CodeIgniter.php(312): CodeIgniter\CodeIgniter->handleRequest(NULL, Object(Config\Cache), false)
#6 E:\projetos\web\base\index.php(45): CodeIgniter\CodeIgniter->run()
#7 {main}
